<?xml version="1.0" encoding="UTF-8"?>
<robot generator="Robot 3.2.2 (Python 3.8.5 on win32)" generated="20201008 00:04:44.239" rpa="false">
<suite id="s1" name="Verify Hide Rating Column And Show Rating Column Button" source="C:\Users\112315\PycharmProjects\robot_framework\RobotFramework\RobotFramework\Automation\Test Cases\verify_hide_rating_column_and_show_rating_column_button.txt">
<kw name="Open Browser And Redirect To Url" library="tabular_common_keywords" type="setup">
<kw name="Open Browser" library="SeleniumLibrary">
<doc>Opens a new browser instance to the optional ``url``.</doc>
<arguments>
<arg>about:blank</arg>
<arg>${BROWSER}</arg>
</arguments>
<msg timestamp="20201008 00:04:44.471" level="INFO">Opening browser 'chrome' to base url 'about:blank'.</msg>
<status status="PASS" starttime="20201008 00:04:44.471" endtime="20201008 00:04:47.803"></status>
</kw>
<kw name="Run Keyword If" library="BuiltIn">
<doc>Runs the given keyword with the given arguments, if ``condition`` is true.</doc>
<arguments>
<arg>'${BROWSER}'=='chrome'</arg>
<arg>Maximize Browser Window</arg>
</arguments>
<kw name="Maximize Browser Window" library="SeleniumLibrary">
<doc>Maximizes current browser window.</doc>
<status status="PASS" starttime="20201008 00:04:47.804" endtime="20201008 00:04:49.996"></status>
</kw>
<status status="PASS" starttime="20201008 00:04:47.804" endtime="20201008 00:04:49.996"></status>
</kw>
<kw name="Go To" library="SeleniumLibrary">
<doc>Navigates the current browser window to the provided ``url``.</doc>
<arguments>
<arg>${URL}</arg>
</arguments>
<msg timestamp="20201008 00:04:49.996" level="INFO">Opening url 'http://tabulator.info/'</msg>
<status status="PASS" starttime="20201008 00:04:49.996" endtime="20201008 00:05:32.499"></status>
</kw>
<kw name="Wait Until Page Contains Element" library="SeleniumLibrary">
<doc>Waits until the element ``locator`` appears on the current page.</doc>
<arguments>
<arg>${TabulatorImageLink}</arg>
</arguments>
<msg timestamp="20201008 00:05:32.500" level="FAIL">Variable '${TabulatorImageLink}' not found. Did you mean:
    ${TabulataorImageLink}</msg>
<status status="FAIL" starttime="20201008 00:05:32.499" endtime="20201008 00:05:32.500"></status>
</kw>
<status status="FAIL" starttime="20201008 00:04:44.471" endtime="20201008 00:05:32.501"></status>
</kw>
<test id="s1-t1" name="Verify Hide Rating Column/Show Rating Column button">
<tags>
<tag>TC-002</tag>
</tags>
<status status="FAIL" starttime="20201008 00:05:32.501" endtime="20201008 00:05:32.501" critical="yes">Parent suite setup failed:
Variable '${TabulatorImageLink}' not found. Did you mean:
    ${TabulataorImageLink}</status>
</test>
<kw name="Close Browser Window" library="tabular_common_keywords" type="teardown">
<kw name="Sleep" library="BuiltIn">
<doc>Pauses the test executed for the given time.</doc>
<arguments>
<arg>3</arg>
</arguments>
<msg timestamp="20201008 00:05:35.506" level="INFO">Slept 3 seconds</msg>
<status status="PASS" starttime="20201008 00:05:32.503" endtime="20201008 00:05:35.506"></status>
</kw>
<kw name="Close Browser" library="SeleniumLibrary">
<doc>Closes the current browser.</doc>
<status status="PASS" starttime="20201008 00:05:35.506" endtime="20201008 00:05:37.657"></status>
</kw>
<status status="PASS" starttime="20201008 00:05:32.503" endtime="20201008 00:05:37.657"></status>
</kw>
<status status="FAIL" starttime="20201008 00:04:44.241" endtime="20201008 00:05:37.657">Suite setup failed:
Variable '${TabulatorImageLink}' not found. Did you mean:
    ${TabulataorImageLink}</status>
</suite>
<statistics>
<total>
<stat pass="0" fail="1">Critical Tests</stat>
<stat pass="0" fail="1">All Tests</stat>
</total>
<tag>
<stat pass="0" fail="1">TC-002</stat>
</tag>
<suite>
<stat pass="0" fail="1" id="s1" name="Verify Hide Rating Column And Show Rating Column Button">Verify Hide Rating Column And Show Rating Column Button</stat>
</suite>
</statistics>
<errors>
</errors>
</robot>
